#
# There is insufficient memory for the Java Runtime Environment to continue.
# Native memory allocation (malloc) failed to allocate 1841456 bytes for Chunk::new
# Possible reasons:
#   The system is out of physical RAM or swap space
#   The process is running with CompressedOops enabled, and the Java Heap may be blocking the growth of the native heap
# Possible solutions:
#   Reduce memory load on the system
#   Increase physical memory or swap space
#   Check if swap backing store is full
#   Decrease Java heap size (-Xmx/-Xms)
#   Decrease number of Java threads
#   Decrease Java thread stack sizes (-Xss)
#   Set larger code cache with -XX:ReservedCodeCacheSize=
#   JVM is running with Zero Based Compressed Oops mode in which the Java heap is
#     placed in the first 32GB address space. The Java Heap base address is the
#     maximum limit for the native heap growth. Please use -XX:HeapBaseMinAddress
#     to set the Java Heap base and to place the Java Heap above 32GB virtual address.
# This output file may be truncated or incomplete.
#
#  Out of Memory Error (./src/hotspot/share/memory/arena.cpp:197), pid=292, tid=28664
#
# JRE version: OpenJDK Runtime Environment OpenLogic-OpenJDK (11.0.18+10) (build 11.0.18+10-adhoc..jdk11u)
# Java VM: OpenJDK 64-Bit Server VM OpenLogic-OpenJDK (11.0.18+10-adhoc..jdk11u, mixed mode, tiered, compressed oops, g1 gc, windows-amd64)
# No core dump will be written. Minidumps are not enabled by default on client versions of Windows
#

---------------  S U M M A R Y ------------

Command Line: org.jetbrains.kotlin.cli.jvm.K2JVMCompiler @D:\Data\e-card-maker\e-card-maker\eCardMaker\node_modules\react-native-screens\android\build\20231231_16502487878800153731.compiler.options

Host: 11th Gen Intel(R) Core(TM) i5-1145G7 @ 2.60GHz, 8 cores, 15G,  Windows 11 , 64 bit Build 22621 (10.0.22621.2506)
Time: Sun Dec 31 01:31:02 2023 India Standard Time elapsed time: 14.759669 seconds (0d 0h 0m 14s)

---------------  T H R E A D  ---------------

Current thread (0x0000022fadfae000):  JavaThread "C2 CompilerThread0" daemon [_thread_in_native, id=28664, stack(0x00000080b2600000,0x00000080b2700000)]


Current CompileTask:
C2:  14759 11462       4       org.jetbrains.kotlin.resolve.OverrideResolver$Companion::resolveUnknownVisibilities (53 bytes)

Stack: [0x00000080b2600000,0x00000080b2700000]
Native frames: (J=compiled Java code, j=interpreted, Vv=VM code, C=native code)
V  [jvm.dll+0x61e0ba]
V  [jvm.dll+0x75b0b9]
V  [jvm.dll+0x75c7a8]
V  [jvm.dll+0x75ce83]
V  [jvm.dll+0x24de78]
V  [jvm.dll+0xc146c]
V  [jvm.dll+0xc1a2c]
V  [jvm.dll+0x359997]
V  [jvm.dll+0x19d2e9]
V  [jvm.dll+0x207385]
V  [jvm.dll+0x2063fd]
V  [jvm.dll+0x187e91]
V  [jvm.dll+0x215b84]
V  [jvm.dll+0x213dcb]
V  [jvm.dll+0x71dd50]
V  [jvm.dll+0x716c84]
V  [jvm.dll+0x61cf25]
C  [ucrtbase.dll+0x29363]
C  [KERNEL32.DLL+0x1257d]
C  [ntdll.dll+0x5aa58]


---------------  P R O C E S S  ---------------

Threads class SMR info:
_java_thread_list=0x0000022fb103c200, length=12, elements={
0x0000022f886bf800, 0x0000022fad6a0800, 0x0000022fad68f800, 0x0000022fadfa7800,
0x0000022fadfab000, 0x0000022fadfad000, 0x0000022fadfae000, 0x0000022fae003800,
0x0000022fadf60800, 0x0000022fae128800, 0x0000022fb15d2800, 0x0000022fb3f09000
}

Java Threads: ( => current thread )
  0x0000022f886bf800 JavaThread "main" [_thread_in_Java, id=852, stack(0x00000080b1a00000,0x00000080b1b00000)]
  0x0000022fad6a0800 JavaThread "Reference Handler" daemon [_thread_blocked, id=17488, stack(0x00000080b2100000,0x00000080b2200000)]
  0x0000022fad68f800 JavaThread "Finalizer" daemon [_thread_blocked, id=11596, stack(0x00000080b2200000,0x00000080b2300000)]
  0x0000022fadfa7800 JavaThread "Signal Dispatcher" daemon [_thread_blocked, id=29032, stack(0x00000080b2300000,0x00000080b2400000)]
  0x0000022fadfab000 JavaThread "Attach Listener" daemon [_thread_blocked, id=28876, stack(0x00000080b2400000,0x00000080b2500000)]
  0x0000022fadfad000 JavaThread "Service Thread" daemon [_thread_blocked, id=21700, stack(0x00000080b2500000,0x00000080b2600000)]
=>0x0000022fadfae000 JavaThread "C2 CompilerThread0" daemon [_thread_in_native, id=28664, stack(0x00000080b2600000,0x00000080b2700000)]
  0x0000022fae003800 JavaThread "C1 CompilerThread0" daemon [_thread_blocked, id=25812, stack(0x00000080b2700000,0x00000080b2800000)]
  0x0000022fadf60800 JavaThread "Sweeper thread" daemon [_thread_blocked, id=14304, stack(0x00000080b2800000,0x00000080b2900000)]
  0x0000022fae128800 JavaThread "Common-Cleaner" daemon [_thread_blocked, id=9228, stack(0x00000080b2a00000,0x00000080b2b00000)]
  0x0000022fb15d2800 JavaThread "C2 CompilerThread1" daemon [_thread_in_native, id=27948, stack(0x00000080b2b00000,0x00000080b2c00000)]
  0x0000022fb3f09000 JavaThread "C2 CompilerThread2" daemon [_thread_in_native, id=33236, stack(0x00000080b3300000,0x00000080b3400000)]

Other Threads:
  0x0000022fad68d800 VMThread "VM Thread" [stack: 0x00000080b2000000,0x00000080b2100000] [id=15904]
  0x0000022fae124000 WatcherThread [stack: 0x00000080b2900000,0x00000080b2a00000] [id=14100]
  0x0000022f886d8000 GCTaskThread "GC Thread#0" [stack: 0x00000080b1b00000,0x00000080b1c00000] [id=10320]
  0x0000022fae89d800 GCTaskThread "GC Thread#1" [stack: 0x00000080b2c00000,0x00000080b2d00000] [id=40584]
  0x0000022fae60c800 GCTaskThread "GC Thread#2" [stack: 0x00000080b2d00000,0x00000080b2e00000] [id=22948]
  0x0000022fae611800 GCTaskThread "GC Thread#3" [stack: 0x00000080b2e00000,0x00000080b2f00000] [id=3152]
  0x0000022fae612000 GCTaskThread "GC Thread#4" [stack: 0x00000080b2f00000,0x00000080b3000000] [id=32440]
  0x0000022fae613000 GCTaskThread "GC Thread#5" [stack: 0x00000080b3000000,0x00000080b3100000] [id=36152]
  0x0000022fb6372000 GCTaskThread "GC Thread#6" [stack: 0x00000080b3400000,0x00000080b3500000] [id=17424]
  0x0000022f88732800 ConcurrentGCThread "G1 Main Marker" [stack: 0x00000080b1c00000,0x00000080b1d00000] [id=32524]
  0x0000022f88733800 ConcurrentGCThread "G1 Conc#0" [stack: 0x00000080b1d00000,0x00000080b1e00000] [id=12276]
  0x0000022faf95e800 ConcurrentGCThread "G1 Conc#1" [stack: 0x00000080b3100000,0x00000080b3200000] [id=31916]
  0x0000022fad577800 ConcurrentGCThread "G1 Refine#0" [stack: 0x00000080b1e00000,0x00000080b1f00000] [id=29704]
  0x0000022faf714800 ConcurrentGCThread "G1 Refine#1" [stack: 0x00000080b3200000,0x00000080b3300000] [id=28212]
  0x0000022fb4437800 ConcurrentGCThread "G1 Refine#2" [stack: 0x00000080b3500000,0x00000080b3600000] [id=30456]
  0x0000022fb647e800 ConcurrentGCThread "G1 Refine#3" [stack: 0x00000080b3600000,0x00000080b3700000] [id=35972]
  0x0000022fad578800 ConcurrentGCThread "G1 Young RemSet Sampling" [stack: 0x00000080b1f00000,0x00000080b2000000] [id=37012]

Threads with active compile tasks:
C2 CompilerThread0    14777 11462       4       org.jetbrains.kotlin.resolve.OverrideResolver$Companion::resolveUnknownVisibilities (53 bytes)
C2 CompilerThread1    14777 11749       4       org.jetbrains.kotlin.types.TypeSubstitutionKt::replace$default (41 bytes)
C2 CompilerThread2    14777 11750       4       org.jetbrains.kotlin.types.TypeSubstitutionKt::replace (171 bytes)

VM state:not at safepoint (normal execution)

VM Mutex/Monitor currently owned by a thread: None

Heap address: 0x0000000704200000, size: 4030 MB, Compressed Oops mode: Zero based, Oop shift amount: 3
Narrow klass base: 0x0000000800000000, Narrow klass shift: 0
Compressed class space size: 1073741824 Address: 0x0000000800000000

Heap:
 garbage-first heap   total 310272K, used 177846K [0x0000000704200000, 0x0000000800000000)
  region size 1024K, 109 young (111616K), 8 survivors (8192K)
 Metaspace       used 70730K, capacity 71602K, committed 71772K, reserved 1114112K
  class space    used 7731K, capacity 8079K, committed 8188K, reserved 1048576K
Heap Regions: E=young(eden), S=young(survivor), O=old, HS=humongous(starts), HC=humongous(continues), CS=collection set, F=free, A=archive, TAMS=top-at-mark-start (previous, next)
|   0|0x0000000704200000, 0x0000000704300000, 0x0000000704300000|100%|HS|  |TAMS 0x0000000704300000, 0x0000000704200000| Complete 
|   1|0x0000000704300000, 0x0000000704400000, 0x0000000704400000|100%|HC|  |TAMS 0x0000000704400000, 0x0000000704300000| Complete 
|   2|0x0000000704400000, 0x0000000704500000, 0x0000000704500000|100%|HC|  |TAMS 0x0000000704500000, 0x0000000704400000| Complete 
|   3|0x0000000704500000, 0x0000000704600000, 0x0000000704600000|100%|HC|  |TAMS 0x0000000704600000, 0x0000000704500000| Complete 
|   4|0x0000000704600000, 0x0000000704700000, 0x0000000704700000|100%|HS|  |TAMS 0x0000000704700000, 0x0000000704600000| Complete 
|   5|0x0000000704700000, 0x0000000704800000, 0x0000000704800000|100%|HC|  |TAMS 0x0000000704800000, 0x0000000704700000| Complete 
|   6|0x0000000704800000, 0x0000000704900000, 0x0000000704900000|100%|HC|  |TAMS 0x0000000704900000, 0x0000000704800000| Complete 
|   7|0x0000000704900000, 0x0000000704a00000, 0x0000000704a00000|100%|HC|  |TAMS 0x0000000704a00000, 0x0000000704900000| Complete 
|   8|0x0000000704a00000, 0x0000000704b00000, 0x0000000704b00000|100%| O|  |TAMS 0x0000000704b00000, 0x0000000704a00000| Untracked 
|   9|0x0000000704b00000, 0x0000000704c00000, 0x0000000704c00000|100%| O|  |TAMS 0x0000000704c00000, 0x0000000704b00000| Untracked 
|  10|0x0000000704c00000, 0x0000000704d00000, 0x0000000704d00000|100%| O|  |TAMS 0x0000000704d00000, 0x0000000704c00000| Untracked 
|  11|0x0000000704d00000, 0x0000000704e00000, 0x0000000704e00000|100%| O|  |TAMS 0x0000000704e00000, 0x0000000704d00000| Untracked 
|  12|0x0000000704e00000, 0x0000000704f00000, 0x0000000704f00000|100%| O|  |TAMS 0x0000000704f00000, 0x0000000704e00000| Untracked 
|  13|0x0000000704f00000, 0x0000000705000000, 0x0000000705000000|100%| O|  |TAMS 0x0000000705000000, 0x0000000704f00000| Untracked 
|  14|0x0000000705000000, 0x0000000705100000, 0x0000000705100000|100%| O|  |TAMS 0x0000000705100000, 0x0000000705000000| Untracked 
|  15|0x0000000705100000, 0x0000000705200000, 0x0000000705200000|100%| O|  |TAMS 0x0000000705200000, 0x0000000705100000| Untracked 
|  16|0x0000000705200000, 0x0000000705300000, 0x0000000705300000|100%| O|  |TAMS 0x0000000705300000, 0x0000000705200000| Untracked 
|  17|0x0000000705300000, 0x0000000705400000, 0x0000000705400000|100%| O|  |TAMS 0x0000000705400000, 0x0000000705300000| Untracked 
|  18|0x0000000705400000, 0x0000000705500000, 0x0000000705500000|100%| O|  |TAMS 0x0000000705500000, 0x0000000705400000| Untracked 
|  19|0x0000000705500000, 0x0000000705600000, 0x0000000705600000|100%| O|  |TAMS 0x0000000705600000, 0x0000000705500000| Untracked 
|  20|0x0000000705600000, 0x0000000705700000, 0x0000000705700000|100%| O|  |TAMS 0x0000000705700000, 0x0000000705600000| Untracked 
|  21|0x0000000705700000, 0x0000000705800000, 0x0000000705800000|100%| O|  |TAMS 0x0000000705800000, 0x0000000705700000| Untracked 
|  22|0x0000000705800000, 0x0000000705900000, 0x0000000705900000|100%| O|  |TAMS 0x0000000705900000, 0x0000000705800000| Untracked 
|  23|0x0000000705900000, 0x0000000705a00000, 0x0000000705a00000|100%|HS|  |TAMS 0x0000000705a00000, 0x0000000705900000| Complete 
|  24|0x0000000705a00000, 0x0000000705b00000, 0x0000000705b00000|100%|HC|  |TAMS 0x0000000705b00000, 0x0000000705a00000| Complete 
|  25|0x0000000705b00000, 0x0000000705c00000, 0x0000000705c00000|100%| O|  |TAMS 0x0000000705c00000, 0x0000000705b00000| Untracked 
|  26|0x0000000705c00000, 0x0000000705d00000, 0x0000000705d00000|100%| O|  |TAMS 0x0000000705d00000, 0x0000000705c00000| Untracked 
|  27|0x0000000705d00000, 0x0000000705e00000, 0x0000000705e00000|100%| O|  |TAMS 0x0000000705e00000, 0x0000000705d00000| Untracked 
|  28|0x0000000705e00000, 0x0000000705f00000, 0x0000000705f00000|100%| O|  |TAMS 0x0000000705f00000, 0x0000000705e00000| Untracked 
|  29|0x0000000705f00000, 0x0000000706000000, 0x0000000706000000|100%| O|  |TAMS 0x0000000706000000, 0x0000000705f00000| Untracked 
|  30|0x0000000706000000, 0x0000000706100000, 0x0000000706100000|100%| O|  |TAMS 0x0000000706100000, 0x0000000706000000| Untracked 
|  31|0x0000000706100000, 0x0000000706200000, 0x0000000706200000|100%| O|  |TAMS 0x0000000706200000, 0x0000000706100000| Untracked 
|  32|0x0000000706200000, 0x0000000706300000, 0x0000000706300000|100%| O|  |TAMS 0x0000000706300000, 0x0000000706200000| Untracked 
|  33|0x0000000706300000, 0x0000000706400000, 0x0000000706400000|100%| O|  |TAMS 0x0000000706400000, 0x0000000706300000| Untracked 
|  34|0x0000000706400000, 0x0000000706500000, 0x0000000706500000|100%| O|  |TAMS 0x0000000706500000, 0x0000000706400000| Untracked 
|  35|0x0000000706500000, 0x0000000706600000, 0x0000000706600000|100%| O|  |TAMS 0x0000000706600000, 0x0000000706500000| Untracked 
|  36|0x0000000706600000, 0x0000000706700000, 0x0000000706700000|100%| O|  |TAMS 0x0000000706675000, 0x0000000706600000| Untracked 
|  37|0x0000000706700000, 0x0000000706800000, 0x0000000706800000|100%| O|  |TAMS 0x0000000706700000, 0x0000000706700000| Untracked 
|  38|0x0000000706800000, 0x0000000706900000, 0x0000000706900000|100%| O|  |TAMS 0x0000000706800000, 0x0000000706800000| Untracked 
|  39|0x0000000706900000, 0x0000000706a00000, 0x0000000706a00000|100%| O|  |TAMS 0x0000000706900000, 0x0000000706900000| Untracked 
|  40|0x0000000706a00000, 0x0000000706b00000, 0x0000000706b00000|100%| O|  |TAMS 0x0000000706a00000, 0x0000000706a00000| Untracked 
|  41|0x0000000706b00000, 0x0000000706c00000, 0x0000000706c00000|100%| O|  |TAMS 0x0000000706b00000, 0x0000000706b00000| Untracked 
|  42|0x0000000706c00000, 0x0000000706d00000, 0x0000000706d00000|100%| O|  |TAMS 0x0000000706c00000, 0x0000000706c00000| Untracked 
|  43|0x0000000706d00000, 0x0000000706e00000, 0x0000000706e00000|100%| O|  |TAMS 0x0000000706d00000, 0x0000000706d00000| Untracked 
|  44|0x0000000706e00000, 0x0000000706f00000, 0x0000000706f00000|100%| O|  |TAMS 0x0000000706e00000, 0x0000000706e00000| Untracked 
|  45|0x0000000706f00000, 0x0000000707000000, 0x0000000707000000|100%| O|  |TAMS 0x0000000706f00000, 0x0000000706f00000| Untracked 
|  46|0x0000000707000000, 0x0000000707100000, 0x0000000707100000|100%| O|  |TAMS 0x0000000707000000, 0x0000000707000000| Untracked 
|  47|0x0000000707100000, 0x0000000707200000, 0x0000000707200000|100%| O|  |TAMS 0x0000000707100000, 0x0000000707100000| Untracked 
|  48|0x0000000707200000, 0x0000000707200000, 0x0000000707300000|  0%| F|  |TAMS 0x0000000707200000, 0x0000000707200000| Untracked 
|  49|0x0000000707300000, 0x0000000707400000, 0x0000000707400000|100%| O|  |TAMS 0x0000000707300000, 0x0000000707300000| Untracked 
|  50|0x0000000707400000, 0x0000000707500000, 0x0000000707500000|100%| O|  |TAMS 0x0000000707400000, 0x0000000707400000| Untracked 
|  51|0x0000000707500000, 0x0000000707600000, 0x0000000707600000|100%| O|  |TAMS 0x0000000707500000, 0x0000000707500000| Untracked 
|  52|0x0000000707600000, 0x0000000707700000, 0x0000000707700000|100%| O|  |TAMS 0x0000000707600000, 0x0000000707600000| Untracked 
|  53|0x0000000707700000, 0x0000000707800000, 0x0000000707800000|100%| O|  |TAMS 0x0000000707700000, 0x0000000707700000| Untracked 
|  54|0x0000000707800000, 0x0000000707900000, 0x0000000707900000|100%| O|  |TAMS 0x0000000707800000, 0x0000000707800000| Untracked 
|  55|0x0000000707900000, 0x0000000707a00000, 0x0000000707a00000|100%| O|  |TAMS 0x0000000707900000, 0x0000000707900000| Untracked 
|  56|0x0000000707a00000, 0x0000000707b00000, 0x0000000707b00000|100%| O|  |TAMS 0x0000000707a00000, 0x0000000707a00000| Untracked 
|  57|0x0000000707b00000, 0x0000000707c00000, 0x0000000707c00000|100%| O|  |TAMS 0x0000000707b00000, 0x0000000707b00000| Untracked 
|  58|0x0000000707c00000, 0x0000000707d00000, 0x0000000707d00000|100%| O|  |TAMS 0x0000000707c00000, 0x0000000707c00000| Untracked 
|  59|0x0000000707d00000, 0x0000000707e00000, 0x0000000707e00000|100%| O|  |TAMS 0x0000000707d00000, 0x0000000707d00000| Untracked 
|  60|0x0000000707e00000, 0x0000000707f00000, 0x0000000707f00000|100%| O|  |TAMS 0x0000000707e00000, 0x0000000707e00000| Untracked 
|  61|0x0000000707f00000, 0x0000000708000000, 0x0000000708000000|100%| O|  |TAMS 0x0000000707f00000, 0x0000000707f00000| Untracked 
|  62|0x0000000708000000, 0x0000000708100000, 0x0000000708100000|100%| O|  |TAMS 0x0000000708000000, 0x0000000708000000| Untracked 
|  63|0x0000000708100000, 0x0000000708200000, 0x0000000708200000|100%| O|  |TAMS 0x0000000708100000, 0x0000000708100000| Untracked 
|  64|0x0000000708200000, 0x0000000708300000, 0x0000000708300000|100%| O|  |TAMS 0x0000000708200000, 0x0000000708200000| Untracked 
|  65|0x0000000708300000, 0x0000000708348800, 0x0000000708400000| 28%| O|  |TAMS 0x0000000708300000, 0x0000000708300000| Untracked 
|  66|0x0000000708400000, 0x0000000708500000, 0x0000000708500000|100%|HS|  |TAMS 0x0000000708400000, 0x0000000708400000| Complete 
|  67|0x0000000708500000, 0x0000000708600000, 0x0000000708600000|100%|HC|  |TAMS 0x0000000708500000, 0x0000000708500000| Complete 
|  68|0x0000000708600000, 0x0000000708600000, 0x0000000708700000|  0%| F|  |TAMS 0x0000000708600000, 0x0000000708600000| Untracked 
|  69|0x0000000708700000, 0x0000000708700000, 0x0000000708800000|  0%| F|  |TAMS 0x0000000708700000, 0x0000000708700000| Untracked 
|  70|0x0000000708800000, 0x0000000708800000, 0x0000000708900000|  0%| F|  |TAMS 0x0000000708800000, 0x0000000708800000| Untracked 
|  71|0x0000000708900000, 0x0000000708900000, 0x0000000708a00000|  0%| F|  |TAMS 0x0000000708900000, 0x0000000708900000| Untracked 
|  72|0x0000000708a00000, 0x0000000708a00000, 0x0000000708b00000|  0%| F|  |TAMS 0x0000000708a00000, 0x0000000708a00000| Untracked 
|  73|0x0000000708b00000, 0x0000000708b00000, 0x0000000708c00000|  0%| F|  |TAMS 0x0000000708b00000, 0x0000000708b00000| Untracked 
|  74|0x0000000708c00000, 0x0000000708c00000, 0x0000000708d00000|  0%| F|  |TAMS 0x0000000708c00000, 0x0000000708c00000| Untracked 
|  75|0x0000000708d00000, 0x0000000708d00000, 0x0000000708e00000|  0%| F|  |TAMS 0x0000000708d00000, 0x0000000708d00000| Untracked 
|  76|0x0000000708e00000, 0x0000000708e00000, 0x0000000708f00000|  0%| F|  |TAMS 0x0000000708e00000, 0x0000000708e00000| Untracked 
|  77|0x0000000708f00000, 0x0000000708f00000, 0x0000000709000000|  0%| F|  |TAMS 0x0000000708f00000, 0x0000000708f00000| Untracked 
|  78|0x0000000709000000, 0x0000000709000000, 0x0000000709100000|  0%| F|  |TAMS 0x0000000709000000, 0x0000000709000000| Untracked 
|  79|0x0000000709100000, 0x0000000709100000, 0x0000000709200000|  0%| F|  |TAMS 0x0000000709100000, 0x0000000709100000| Untracked 
|  80|0x0000000709200000, 0x0000000709200000, 0x0000000709300000|  0%| F|  |TAMS 0x0000000709200000, 0x0000000709200000| Untracked 
|  81|0x0000000709300000, 0x0000000709300000, 0x0000000709400000|  0%| F|  |TAMS 0x0000000709300000, 0x0000000709300000| Untracked 
|  82|0x0000000709400000, 0x0000000709400000, 0x0000000709500000|  0%| F|  |TAMS 0x0000000709400000, 0x0000000709400000| Untracked 
|  83|0x0000000709500000, 0x0000000709500000, 0x0000000709600000|  0%| F|  |TAMS 0x0000000709500000, 0x0000000709500000| Untracked 
|  84|0x0000000709600000, 0x0000000709600000, 0x0000000709700000|  0%| F|  |TAMS 0x0000000709600000, 0x0000000709600000| Untracked 
|  85|0x0000000709700000, 0x0000000709700000, 0x0000000709800000|  0%| F|  |TAMS 0x0000000709700000, 0x0000000709700000| Untracked 
|  86|0x0000000709800000, 0x0000000709800000, 0x0000000709900000|  0%| F|  |TAMS 0x0000000709800000, 0x0000000709800000| Untracked 
|  87|0x0000000709900000, 0x0000000709900000, 0x0000000709a00000|  0%| F|  |TAMS 0x0000000709900000, 0x0000000709900000| Untracked 
|  88|0x0000000709a00000, 0x0000000709a00000, 0x0000000709b00000|  0%| F|  |TAMS 0x0000000709a00000, 0x0000000709a00000| Untracked 
|  89|0x0000000709b00000, 0x0000000709b00000, 0x0000000709c00000|  0%| F|  |TAMS 0x0000000709b00000, 0x0000000709b00000| Untracked 
|  90|0x0000000709c00000, 0x0000000709c00000, 0x0000000709d00000|  0%| F|  |TAMS 0x0000000709c00000, 0x0000000709c00000| Untracked 
|  91|0x0000000709d00000, 0x0000000709d00000, 0x0000000709e00000|  0%| F|  |TAMS 0x0000000709d00000, 0x0000000709d00000| Untracked 
|  92|0x0000000709e00000, 0x0000000709e00000, 0x0000000709f00000|  0%| F|  |TAMS 0x0000000709e00000, 0x0000000709e00000| Untracked 
|  93|0x0000000709f00000, 0x0000000709f00000, 0x000000070a000000|  0%| F|  |TAMS 0x0000000709f00000, 0x0000000709f00000| Untracked 
|  94|0x000000070a000000, 0x000000070a000000, 0x000000070a100000|  0%| F|  |TAMS 0x000000070a000000, 0x000000070a000000| Untracked 
|  95|0x000000070a100000, 0x000000070a100000, 0x000000070a200000|  0%| F|  |TAMS 0x000000070a100000, 0x000000070a100000| Untracked 
|  96|0x000000070a200000, 0x000000070a200000, 0x000000070a300000|  0%| F|  |TAMS 0x000000070a200000, 0x000000070a200000| Untracked 
|  97|0x000000070a300000, 0x000000070a300000, 0x000000070a400000|  0%| F|  |TAMS 0x000000070a300000, 0x000000070a300000| Untracked 
|  98|0x000000070a400000, 0x000000070a400000, 0x000000070a500000|  0%| F|  |TAMS 0x000000070a400000, 0x000000070a400000| Untracked 
|  99|0x000000070a500000, 0x000000070a500000, 0x000000070a600000|  0%| F|  |TAMS 0x000000070a500000, 0x000000070a500000| Untracked 
| 100|0x000000070a600000, 0x000000070a600000, 0x000000070a700000|  0%| F|  |TAMS 0x000000070a600000, 0x000000070a600000| Untracked 
| 101|0x000000070a700000, 0x000000070a700000, 0x000000070a800000|  0%| F|  |TAMS 0x000000070a700000, 0x000000070a700000| Untracked 
| 102|0x000000070a800000, 0x000000070a800000, 0x000000070a900000|  0%| F|  |TAMS 0x000000070a800000, 0x000000070a800000| Untracked 
| 103|0x000000070a900000, 0x000000070a900000, 0x000000070aa00000|  0%| F|  |TAMS 0x000000070a900000, 0x000000070a900000| Untracked 
| 104|0x000000070aa00000, 0x000000070aa00000, 0x000000070ab00000|  0%| F|  |TAMS 0x000000070aa00000, 0x000000070aa00000| Untracked 
| 105|0x000000070ab00000, 0x000000070ab00000, 0x000000070ac00000|  0%| F|  |TAMS 0x000000070ab00000, 0x000000070ab00000| Untracked 
| 106|0x000000070ac00000, 0x000000070ac00000, 0x000000070ad00000|  0%| F|  |TAMS 0x000000070ac00000, 0x000000070ac00000| Untracked 
| 107|0x000000070ad00000, 0x000000070ad00000, 0x000000070ae00000|  0%| F|  |TAMS 0x000000070ad00000, 0x000000070ad00000| Untracked 
| 108|0x000000070ae00000, 0x000000070ae00000, 0x000000070af00000|  0%| F|  |TAMS 0x000000070ae00000, 0x000000070ae00000| Untracked 
| 109|0x000000070af00000, 0x000000070af00000, 0x000000070b000000|  0%| F|  |TAMS 0x000000070af00000, 0x000000070af00000| Untracked 
| 110|0x000000070b000000, 0x000000070b000000, 0x000000070b100000|  0%| F|  |TAMS 0x000000070b000000, 0x000000070b000000| Untracked 
| 111|0x000000070b100000, 0x000000070b100000, 0x000000070b200000|  0%| F|  |TAMS 0x000000070b100000, 0x000000070b100000| Untracked 
| 112|0x000000070b200000, 0x000000070b200000, 0x000000070b300000|  0%| F|  |TAMS 0x000000070b200000, 0x000000070b200000| Untracked 
| 113|0x000000070b300000, 0x000000070b300000, 0x000000070b400000|  0%| F|  |TAMS 0x000000070b300000, 0x000000070b300000| Untracked 
| 114|0x000000070b400000, 0x000000070b400000, 0x000000070b500000|  0%| F|  |TAMS 0x000000070b400000, 0x000000070b400000| Untracked 
| 115|0x000000070b500000, 0x000000070b500000, 0x000000070b600000|  0%| F|  |TAMS 0x000000070b500000, 0x000000070b500000| Untracked 
| 116|0x000000070b600000, 0x000000070b600000, 0x000000070b700000|  0%| F|  |TAMS 0x000000070b600000, 0x000000070b600000| Untracked 
| 117|0x000000070b700000, 0x000000070b700000, 0x000000070b800000|  0%| F|  |TAMS 0x000000070b700000, 0x000000070b700000| Untracked 
| 118|0x000000070b800000, 0x000000070b800000, 0x000000070b900000|  0%| F|  |TAMS 0x000000070b800000, 0x000000070b800000| Untracked 
| 119|0x000000070b900000, 0x000000070b900000, 0x000000070ba00000|  0%| F|  |TAMS 0x000000070b900000, 0x000000070b900000| Untracked 
| 120|0x000000070ba00000, 0x000000070ba00000, 0x000000070bb00000|  0%| F|  |TAMS 0x000000070ba00000, 0x000000070ba00000| Untracked 
| 121|0x000000070bb00000, 0x000000070bb00000, 0x000000070bc00000|  0%| F|  |TAMS 0x000000070bb00000, 0x000000070bb00000| Untracked 
| 122|0x000000070bc00000, 0x000000070bc00000, 0x000000070bd00000|  0%| F|  |TAMS 0x000000070bc00000, 0x000000070bc00000| Untracked 
| 123|0x000000070bd00000, 0x000000070bd00000, 0x000000070be00000|  0%| F|  |TAMS 0x000000070bd00000, 0x000000070bd00000| Untracked 
| 124|0x000000070be00000, 0x000000070be00000, 0x000000070bf00000|  0%| F|  |TAMS 0x000000070be00000, 0x000000070be00000| Untracked 
| 125|0x000000070bf00000, 0x000000070bf00000, 0x000000070c000000|  0%| F|  |TAMS 0x000000070bf00000, 0x000000070bf00000| Untracked 
| 126|0x000000070c000000, 0x000000070c000000, 0x000000070c100000|  0%| F|  |TAMS 0x000000070c000000, 0x000000070c000000| Untracked 
| 127|0x000000070c100000, 0x000000070c100000, 0x000000070c200000|  0%| F|  |TAMS 0x000000070c100000, 0x000000070c100000| Untracked 
| 128|0x000000070c200000, 0x000000070c200000, 0x000000070c300000|  0%| F|  |TAMS 0x000000070c200000, 0x000000070c200000| Untracked 
| 129|0x000000070c300000, 0x000000070c300000, 0x000000070c400000|  0%| F|  |TAMS 0x000000070c300000, 0x000000070c300000| Untracked 
| 130|0x000000070c400000, 0x000000070c400000, 0x000000070c500000|  0%| F|  |TAMS 0x000000070c400000, 0x000000070c400000| Untracked 
| 131|0x000000070c500000, 0x000000070c500000, 0x000000070c600000|  0%| F|  |TAMS 0x000000070c500000, 0x000000070c500000| Untracked 
| 132|0x000000070c600000, 0x000000070c600000, 0x000000070c700000|  0%| F|  |TAMS 0x000000070c600000, 0x000000070c600000| Untracked 
| 133|0x000000070c700000, 0x000000070c700000, 0x000000070c800000|  0%| F|  |TAMS 0x000000070c700000, 0x000000070c700000| Untracked 
| 134|0x000000070c800000, 0x000000070c800000, 0x000000070c900000|  0%| F|  |TAMS 0x000000070c800000, 0x000000070c800000| Untracked 
| 135|0x000000070c900000, 0x000000070c900000, 0x000000070ca00000|  0%| F|  |TAMS 0x000000070c900000, 0x000000070c900000| Untracked 
| 136|0x000000070ca00000, 0x000000070ca00000, 0x000000070cb00000|  0%| F|  |TAMS 0x000000070ca00000, 0x000000070ca00000| Untracked 
| 137|0x000000070cb00000, 0x000000070cb00000, 0x000000070cc00000|  0%| F|  |TAMS 0x000000070cb00000, 0x000000070cb00000| Untracked 
| 138|0x000000070cc00000, 0x000000070cc00000, 0x000000070cd00000|  0%| F|  |TAMS 0x000000070cc00000, 0x000000070cc00000| Untracked 
| 139|0x000000070cd00000, 0x000000070cd00000, 0x000000070ce00000|  0%| F|  |TAMS 0x000000070cd00000, 0x000000070cd00000| Untracked 
| 140|0x000000070ce00000, 0x000000070ce00000, 0x000000070cf00000|  0%| F|  |TAMS 0x000000070ce00000, 0x000000070ce00000| Untracked 
| 141|0x000000070cf00000, 0x000000070cf00000, 0x000000070d000000|  0%| F|  |TAMS 0x000000070cf00000, 0x000000070cf00000| Untracked 
| 142|0x000000070d000000, 0x000000070d000000, 0x000000070d100000|  0%| F|  |TAMS 0x000000070d000000, 0x000000070d000000| Untracked 
| 143|0x000000070d100000, 0x000000070d100000, 0x000000070d200000|  0%| F|  |TAMS 0x000000070d100000, 0x000000070d100000| Untracked 
| 144|0x000000070d200000, 0x000000070d200000, 0x000000070d300000|  0%| F|  |TAMS 0x000000070d200000, 0x000000070d200000| Untracked 
| 145|0x000000070d300000, 0x000000070d300000, 0x000000070d400000|  0%| F|  |TAMS 0x000000070d300000, 0x000000070d300000| Untracked 
| 146|0x000000070d400000, 0x000000070d400000, 0x000000070d500000|  0%| F|  |TAMS 0x000000070d400000, 0x000000070d400000| Untracked 
| 147|0x000000070d500000, 0x000000070d500000, 0x000000070d600000|  0%| F|  |TAMS 0x000000070d500000, 0x000000070d500000| Untracked 
| 148|0x000000070d600000, 0x000000070d600000, 0x000000070d700000|  0%| F|  |TAMS 0x000000070d600000, 0x000000070d600000| Untracked 
| 149|0x000000070d700000, 0x000000070d700000, 0x000000070d800000|  0%| F|  |TAMS 0x000000070d700000, 0x000000070d700000| Untracked 
| 150|0x000000070d800000, 0x000000070d800000, 0x000000070d900000|  0%| F|  |TAMS 0x000000070d800000, 0x000000070d800000| Untracked 
| 151|0x000000070d900000, 0x000000070d900000, 0x000000070da00000|  0%| F|  |TAMS 0x000000070d900000, 0x000000070d900000| Untracked 
| 152|0x000000070da00000, 0x000000070da00000, 0x000000070db00000|  0%| F|  |TAMS 0x000000070da00000, 0x000000070da00000| Untracked 
| 153|0x000000070db00000, 0x000000070db00000, 0x000000070dc00000|  0%| F|  |TAMS 0x000000070db00000, 0x000000070db00000| Untracked 
| 154|0x000000070dc00000, 0x000000070dc00000, 0x000000070dd00000|  0%| F|  |TAMS 0x000000070dc00000, 0x000000070dc00000| Untracked 
| 155|0x000000070dd00000, 0x000000070dd00000, 0x000000070de00000|  0%| F|  |TAMS 0x000000070dd00000, 0x000000070dd00000| Untracked 
| 156|0x000000070de00000, 0x000000070de00000, 0x000000070df00000|  0%| F|  |TAMS 0x000000070de00000, 0x000000070de00000| Untracked 
| 157|0x000000070df00000, 0x000000070df00000, 0x000000070e000000|  0%| F|  |TAMS 0x000000070df00000, 0x000000070df00000| Untracked 
| 158|0x000000070e000000, 0x000000070e000000, 0x000000070e100000|  0%| F|  |TAMS 0x000000070e000000, 0x000000070e000000| Untracked 
| 159|0x000000070e100000, 0x000000070e100000, 0x000000070e200000|  0%| F|  |TAMS 0x000000070e100000, 0x000000070e100000| Untracked 
| 160|0x000000070e200000, 0x000000070e200000, 0x000000070e300000|  0%| F|  |TAMS 0x000000070e200000, 0x000000070e200000| Untracked 
| 161|0x000000070e300000, 0x000000070e300000, 0x000000070e400000|  0%| F|  |TAMS 0x000000070e300000, 0x000000070e300000| Untracked 
| 162|0x000000070e400000, 0x000000070e400000, 0x000000070e500000|  0%| F|  |TAMS 0x000000070e400000, 0x000000070e400000| Untracked 
| 163|0x000000070e500000, 0x000000070e500000, 0x000000070e600000|  0%| F|  |TAMS 0x000000070e500000, 0x000000070e500000| Untracked 
| 164|0x000000070e600000, 0x000000070e600000, 0x000000070e700000|  0%| F|  |TAMS 0x000000070e600000, 0x000000070e600000| Untracked 
| 165|0x000000070e700000, 0x000000070e700000, 0x000000070e800000|  0%| F|  |TAMS 0x000000070e700000, 0x000000070e700000| Untracked 
| 166|0x000000070e800000, 0x000000070e800000, 0x000000070e900000|  0%| F|  |TAMS 0x000000070e800000, 0x000000070e800000| Untracked 
| 167|0x000000070e900000, 0x000000070e900000, 0x000000070ea00000|  0%| F|  |TAMS 0x000000070e900000, 0x000000070e900000| Untracked 
| 168|0x000000070ea00000, 0x000000070ea00000, 0x000000070eb00000|  0%| F|  |TAMS 0x000000070ea00000, 0x000000070ea00000| Untracked 
| 169|0x000000070eb00000, 0x000000070eb00000, 0x000000070ec00000|  0%| F|  |TAMS 0x000000070eb00000, 0x000000070eb00000| Untracked 
| 170|0x000000070ec00000, 0x000000070ec00000, 0x000000070ed00000|  0%| F|  |TAMS 0x000000070ec00000, 0x000000070ec00000| Untracked 
| 171|0x000000070ed00000, 0x000000070ed00000, 0x000000070ee00000|  0%| F|  |TAMS 0x000000070ed00000, 0x000000070ed00000| Untracked 
| 172|0x000000070ee00000, 0x000000070ee00000, 0x000000070ef00000|  0%| F|  |TAMS 0x000000070ee00000, 0x000000070ee00000| Untracked 
| 173|0x000000070ef00000, 0x000000070ef00000, 0x000000070f000000|  0%| F|  |TAMS 0x000000070ef00000, 0x000000070ef00000| Untracked 
| 174|0x000000070f000000, 0x000000070f000000, 0x000000070f100000|  0%| F|  |TAMS 0x000000070f000000, 0x000000070f000000| Untracked 
| 175|0x000000070f100000, 0x000000070f100000, 0x000000070f200000|  0%| F|  |TAMS 0x000000070f100000, 0x000000070f100000| Untracked 
| 176|0x000000070f200000, 0x000000070f200000, 0x000000070f300000|  0%| F|  |TAMS 0x000000070f200000, 0x000000070f200000| Untracked 
| 177|0x000000070f300000, 0x000000070f300000, 0x000000070f400000|  0%| F|  |TAMS 0x000000070f300000, 0x000000070f300000| Untracked 
| 178|0x000000070f400000, 0x000000070f400000, 0x000000070f500000|  0%| F|  |TAMS 0x000000070f400000, 0x000000070f400000| Untracked 
| 179|0x000000070f500000, 0x000000070f500000, 0x000000070f600000|  0%| F|  |TAMS 0x000000070f500000, 0x000000070f500000| Untracked 
| 180|0x000000070f600000, 0x000000070f600000, 0x000000070f700000|  0%| F|  |TAMS 0x000000070f600000, 0x000000070f600000| Untracked 
| 181|0x000000070f700000, 0x000000070f700000, 0x000000070f800000|  0%| F|  |TAMS 0x000000070f700000, 0x000000070f700000| Untracked 
| 182|0x000000070f800000, 0x000000070f800000, 0x000000070f900000|  0%| F|  |TAMS 0x000000070f800000, 0x000000070f800000| Untracked 
| 183|0x000000070f900000, 0x000000070f900000, 0x000000070fa00000|  0%| F|  |TAMS 0x000000070f900000, 0x000000070f900000| Untracked 
| 184|0x000000070fa00000, 0x000000070fa00000, 0x000000070fb00000|  0%| F|  |TAMS 0x000000070fa00000, 0x000000070fa00000| Untracked 
| 185|0x000000070fb00000, 0x000000070fb00000, 0x000000070fc00000|  0%| F|  |TAMS 0x000000070fb00000, 0x000000070fb00000| Untracked 
| 186|0x000000070fc00000, 0x000000070fc00000, 0x000000070fd00000|  0%| F|  |TAMS 0x000000070fc00000, 0x000000070fc00000| Untracked 
| 187|0x000000070fd00000, 0x000000070fd00000, 0x000000070fe00000|  0%| F|  |TAMS 0x000000070fd00000, 0x000000070fd00000| Untracked 
| 188|0x000000070fe00000, 0x000000070fe00000, 0x000000070ff00000|  0%| F|  |TAMS 0x000000070fe00000, 0x000000070fe00000| Untracked 
| 189|0x000000070ff00000, 0x000000070ff00000, 0x0000000710000000|  0%| F|  |TAMS 0x000000070ff00000, 0x000000070ff00000| Untracked 
| 190|0x0000000710000000, 0x0000000710000000, 0x0000000710100000|  0%| F|  |TAMS 0x0000000710000000, 0x0000000710000000| Untracked 
| 191|0x0000000710100000, 0x0000000710100000, 0x0000000710200000|  0%| F|  |TAMS 0x0000000710100000, 0x0000000710100000| Untracked 
| 192|0x0000000710200000, 0x0000000710200000, 0x0000000710300000|  0%| F|  |TAMS 0x0000000710200000, 0x0000000710200000| Untracked 
| 193|0x0000000710300000, 0x0000000710300000, 0x0000000710400000|  0%| F|  |TAMS 0x0000000710300000, 0x0000000710300000| Untracked 
| 194|0x0000000710400000, 0x0000000710480800, 0x0000000710500000| 50%| E|  |TAMS 0x0000000710400000, 0x0000000710400000| Complete 
| 195|0x0000000710500000, 0x0000000710600000, 0x0000000710600000|100%| E|CS|TAMS 0x0000000710500000, 0x0000000710500000| Complete 
| 196|0x0000000710600000, 0x0000000710700000, 0x0000000710700000|100%| E|CS|TAMS 0x0000000710600000, 0x0000000710600000| Complete 
| 197|0x0000000710700000, 0x00000007107653f8, 0x0000000710800000| 39%| S|CS|TAMS 0x0000000710700000, 0x0000000710700000| Complete 
| 198|0x0000000710800000, 0x0000000710900000, 0x0000000710900000|100%| S|CS|TAMS 0x0000000710800000, 0x0000000710800000| Complete 
| 199|0x0000000710900000, 0x0000000710a00000, 0x0000000710a00000|100%| S|CS|TAMS 0x0000000710900000, 0x0000000710900000| Complete 
| 200|0x0000000710a00000, 0x0000000710b00000, 0x0000000710b00000|100%| S|CS|TAMS 0x0000000710a00000, 0x0000000710a00000| Complete 
| 201|0x0000000710b00000, 0x0000000710c00000, 0x0000000710c00000|100%| S|CS|TAMS 0x0000000710b00000, 0x0000000710b00000| Complete 
| 202|0x0000000710c00000, 0x0000000710d00000, 0x0000000710d00000|100%| S|CS|TAMS 0x0000000710c00000, 0x0000000710c00000| Complete 
| 203|0x0000000710d00000, 0x0000000710e00000, 0x0000000710e00000|100%| S|CS|TAMS 0x0000000710d00000, 0x0000000710d00000| Complete 
| 204|0x0000000710e00000, 0x0000000710f00000, 0x0000000710f00000|100%| S|CS|TAMS 0x0000000710e00000, 0x0000000710e00000| Complete 
| 205|0x0000000710f00000, 0x0000000711000000, 0x0000000711000000|100%| E|CS|TAMS 0x0000000710f00000, 0x0000000710f00000| Complete 
| 206|0x0000000711000000, 0x0000000711100000, 0x0000000711100000|100%| E|CS|TAMS 0x0000000711000000, 0x0000000711000000| Complete 
| 207|0x0000000711100000, 0x0000000711200000, 0x0000000711200000|100%| E|CS|TAMS 0x0000000711100000, 0x0000000711100000| Complete 
| 208|0x0000000711200000, 0x0000000711300000, 0x0000000711300000|100%| E|CS|TAMS 0x0000000711200000, 0x0000000711200000| Complete 
| 209|0x0000000711300000, 0x0000000711400000, 0x0000000711400000|100%| E|CS|TAMS 0x0000000711300000, 0x0000000711300000| Complete 
| 210|0x0000000711400000, 0x0000000711500000, 0x0000000711500000|100%| E|CS|TAMS 0x0000000711400000, 0x0000000711400000| Complete 
| 211|0x0000000711500000, 0x0000000711600000, 0x0000000711600000|100%| E|CS|TAMS 0x0000000711500000, 0x0000000711500000| Complete 
| 212|0x0000000711600000, 0x0000000711700000, 0x0000000711700000|100%| E|CS|TAMS 0x0000000711600000, 0x0000000711600000| Complete 
| 213|0x0000000711700000, 0x0000000711800000, 0x0000000711800000|100%| E|CS|TAMS 0x0000000711700000, 0x0000000711700000| Complete 
| 214|0x0000000711800000, 0x0000000711900000, 0x0000000711900000|100%| E|CS|TAMS 0x0000000711800000, 0x0000000711800000| Complete 
| 215|0x0000000711900000, 0x0000000711a00000, 0x0000000711a00000|100%| E|CS|TAMS 0x0000000711900000, 0x0000000711900000| Complete 
| 216|0x0000000711a00000, 0x0000000711b00000, 0x0000000711b00000|100%| E|CS|TAMS 0x0000000711a00000, 0x0000000711a00000| Complete 
| 217|0x0000000711b00000, 0x0000000711c00000, 0x0000000711c00000|100%| E|CS|TAMS 0x0000000711b00000, 0x0000000711b00000| Complete 
| 218|0x0000000711c00000, 0x0000000711d00000, 0x0000000711d00000|100%| E|CS|TAMS 0x0000000711c00000, 0x0000000711c00000| Complete 
| 219|0x0000000711d00000, 0x0000000711e00000, 0x0000000711e00000|100%| E|CS|TAMS 0x0000000711d00000, 0x0000000711d00000| Complete 
| 220|0x0000000711e00000, 0x0000000711f00000, 0x0000000711f00000|100%| E|CS|TAMS 0x0000000711e00000, 0x0000000711e00000| Complete 
| 221|0x0000000711f00000, 0x0000000712000000, 0x0000000712000000|100%| E|CS|TAMS 0x0000000711f00000, 0x0000000711f00000| Complete 
| 222|0x0000000712000000, 0x0000000712100000, 0x0000000712100000|100%| E|CS|TAMS 0x0000000712000000, 0x0000000712000000| Complete 
| 223|0x0000000712100000, 0x0000000712200000, 0x0000000712200000|100%| E|CS|TAMS 0x0000000712100000, 0x0000000712100000| Complete 
| 224|0x0000000712200000, 0x0000000712300000, 0x0000000712300000|100%| E|CS|TAMS 0x0000000712200000, 0x0000000712200000| Complete 
| 225|0x0000000712300000, 0x0000000712400000, 0x0000000712400000|100%| E|CS|TAMS 0x0000000712300000, 0x0000000712300000| Complete 
| 226|0x0000000712400000, 0x0000000712500000, 0x0000000712500000|100%| E|CS|TAMS 0x0000000712400000, 0x0000000712400000| Complete 
| 227|0x0000000712500000, 0x0000000712600000, 0x0000000712600000|100%| E|CS|TAMS 0x0000000712500000, 0x0000000712500000| Complete 
| 228|0x0000000712600000, 0x0000000712700000, 0x0000000712700000|100%| E|CS|TAMS 0x0000000712600000, 0x0000000712600000| Complete 
| 229|0x0000000712700000, 0x0000000712800000, 0x0000000712800000|100%| E|CS|TAMS 0x0000000712700000, 0x0000000712700000| Complete 
| 230|0x0000000712800000, 0x0000000712900000, 0x0000000712900000|100%| E|CS|TAMS 0x0000000712800000, 0x0000000712800000| Complete 
| 231|0x0000000712900000, 0x0000000712a00000, 0x0000000712a00000|100%| E|CS|TAMS 0x0000000712900000, 0x0000000712900000| Complete 
| 232|0x0000000712a00000, 0x0000000712b00000, 0x0000000712b00000|100%| E|CS|TAMS 0x0000000712a00000, 0x0000000712a00000| Complete 
| 233|0x0000000712b00000, 0x0000000712c00000, 0x0000000712c00000|100%| E|CS|TAMS 0x0000000712b00000, 0x0000000712b00000| Complete 
| 234|0x0000000712c00000, 0x0000000712d00000, 0x0000000712d00000|100%| E|CS|TAMS 0x0000000712c00000, 0x0000000712c00000| Complete 
| 235|0x0000000712d00000, 0x0000000712e00000, 0x0000000712e00000|100%| E|CS|TAMS 0x0000000712d00000, 0x0000000712d00000| Complete 
| 236|0x0000000712e00000, 0x0000000712f00000, 0x0000000712f00000|100%| E|CS|TAMS 0x0000000712e00000, 0x0000000712e00000| Complete 
| 237|0x0000000712f00000, 0x0000000713000000, 0x0000000713000000|100%| E|CS|TAMS 0x0000000712f00000, 0x0000000712f00000| Complete 
| 238|0x0000000713000000, 0x0000000713100000, 0x0000000713100000|100%| E|CS|TAMS 0x0000000713000000, 0x0000000713000000| Complete 
| 239|0x0000000713100000, 0x0000000713200000, 0x0000000713200000|100%| E|CS|TAMS 0x0000000713100000, 0x0000000713100000| Complete 
| 240|0x0000000713200000, 0x0000000713300000, 0x0000000713300000|100%| E|CS|TAMS 0x0000000713200000, 0x0000000713200000| Complete 
| 241|0x0000000713300000, 0x0000000713400000, 0x0000000713400000|100%| E|CS|TAMS 0x0000000713300000, 0x0000000713300000| Complete 
| 242|0x0000000713400000, 0x0000000713500000, 0x0000000713500000|100%| E|CS|TAMS 0x0000000713400000, 0x0000000713400000| Complete 
| 243|0x0000000713500000, 0x0000000713600000, 0x0000000713600000|100%| E|CS|TAMS 0x0000000713500000, 0x0000000713500000| Complete 
| 244|0x0000000713600000, 0x0000000713700000, 0x0000000713700000|100%| E|CS|TAMS 0x0000000713600000, 0x0000000713600000| Complete 
| 245|0x0000000713700000, 0x0000000713800000, 0x0000000713800000|100%| E|CS|TAMS 0x0000000713700000, 0x0000000713700000| Complete 
| 246|0x0000000713800000, 0x0000000713900000, 0x0000000713900000|100%| E|CS|TAMS 0x0000000713800000, 0x0000000713800000| Complete 
| 247|0x0000000713900000, 0x0000000713a00000, 0x0000000713a00000|100%| E|CS|TAMS 0x0000000713900000, 0x0000000713900000| Complete 
| 248|0x0000000713a00000, 0x0000000713b00000, 0x0000000713b00000|100%| E|CS|TAMS 0x0000000713a00000, 0x0000000713a00000| Complete 
| 249|0x0000000713b00000, 0x0000000713c00000, 0x0000000713c00000|100%| E|CS|TAMS 0x0000000713b00000, 0x0000000713b00000| Complete 
| 250|0x0000000713c00000, 0x0000000713d00000, 0x0000000713d00000|100%| E|CS|TAMS 0x0000000713c00000, 0x0000000713c00000| Complete 
| 251|0x0000000713d00000, 0x0000000713e00000, 0x0000000713e00000|100%| E|CS|TAMS 0x0000000713d00000, 0x0000000713d00000| Complete 
| 252|0x0000000713e00000, 0x0000000713f00000, 0x0000000713f00000|100%| E|CS|TAMS 0x0000000713e00000, 0x0000000713e00000| Complete 
| 253|0x0000000713f00000, 0x0000000714000000, 0x0000000714000000|100%| E|CS|TAMS 0x0000000713f00000, 0x0000000713f00000| Complete 
| 254|0x0000000714000000, 0x0000000714100000, 0x0000000714100000|100%| E|CS|TAMS 0x0000000714000000, 0x0000000714000000| Complete 
| 255|0x0000000714100000, 0x0000000714200000, 0x0000000714200000|100%| E|CS|TAMS 0x0000000714100000, 0x0000000714100000| Complete 
| 256|0x0000000714200000, 0x0000000714300000, 0x0000000714300000|100%| E|CS|TAMS 0x0000000714200000, 0x0000000714200000| Complete 
| 257|0x0000000714300000, 0x0000000714400000, 0x0000000714400000|100%| E|CS|TAMS 0x0000000714300000, 0x0000000714300000| Complete 
| 258|0x0000000714400000, 0x0000000714500000, 0x0000000714500000|100%| E|CS|TAMS 0x0000000714400000, 0x0000000714400000| Complete 
| 259|0x0000000714500000, 0x0000000714600000, 0x0000000714600000|100%| E|CS|TAMS 0x0000000714500000, 0x0000000714500000| Complete 
| 260|0x0000000714600000, 0x0000000714700000, 0x0000000714700000|100%| E|CS|TAMS 0x0000000714600000, 0x0000000714600000| Complete 
| 261|0x0000000714700000, 0x0000000714800000, 0x0000000714800000|100%| E|CS|TAMS 0x0000000714700000, 0x0000000714700000| Complete 
| 262|0x0000000714800000, 0x0000000714900000, 0x0000000714900000|100%| E|CS|TAMS 0x0000000714800000, 0x0000000714800000| Complete 
| 263|0x0000000714900000, 0x0000000714a00000, 0x0000000714a00000|100%| E|CS|TAMS 0x0000000714900000, 0x0000000714900000| Complete 
| 264|0x0000000714a00000, 0x0000000714b00000, 0x0000000714b00000|100%| E|CS|TAMS 0x0000000714a00000, 0x0000000714a00000| Complete 
| 265|0x0000000714b00000, 0x0000000714c00000, 0x0000000714c00000|100%| E|CS|TAMS 0x0000000714b00000, 0x0000000714b00000| Complete 
| 266|0x0000000714c00000, 0x0000000714d00000, 0x0000000714d00000|100%| E|CS|TAMS 0x0000000714c00000, 0x0000000714c00000| Complete 
| 267|0x0000000714d00000, 0x0000000714e00000, 0x0000000714e00000|100%| E|CS|TAMS 0x0000000714d00000, 0x0000000714d00000| Complete 
| 268|0x0000000714e00000, 0x0000000714f00000, 0x0000000714f00000|100%| E|CS|TAMS 0x0000000714e00000, 0x0000000714e00000| Complete 
| 269|0x0000000714f00000, 0x0000000715000000, 0x0000000715000000|100%| E|CS|TAMS 0x0000000714f00000, 0x0000000714f00000| Complete 
| 270|0x0000000715000000, 0x0000000715100000, 0x0000000715100000|100%| E|CS|TAMS 0x0000000715000000, 0x0000000715000000| Complete 
| 271|0x0000000715100000, 0x0000000715200000, 0x0000000715200000|100%| E|CS|TAMS 0x0000000715100000, 0x0000000715100000| Complete 
| 272|0x0000000715200000, 0x0000000715300000, 0x0000000715300000|100%| E|CS|TAMS 0x0000000715200000, 0x0000000715200000| Complete 
| 273|0x0000000715300000, 0x0000000715400000, 0x0000000715400000|100%| E|CS|TAMS 0x0000000715300000, 0x0000000715300000| Complete 
| 274|0x0000000715400000, 0x0000000715500000, 0x0000000715500000|100%| E|CS|TAMS 0x0000000715400000, 0x0000000715400000| Complete 
| 275|0x0000000715500000, 0x0000000715600000, 0x0000000715600000|100%| E|CS|TAMS 0x0000000715500000, 0x0000000715500000| Complete 
| 276|0x0000000715600000, 0x0000000715700000, 0x0000000715700000|100%| E|CS|TAMS 0x0000000715600000, 0x0000000715600000| Complete 
| 277|0x0000000715700000, 0x0000000715800000, 0x0000000715800000|100%| E|CS|TAMS 0x0000000715700000, 0x0000000715700000| Complete 
| 278|0x0000000715800000, 0x0000000715900000, 0x0000000715900000|100%| E|CS|TAMS 0x0000000715800000, 0x0000000715800000| Complete 
| 279|0x0000000715900000, 0x0000000715a00000, 0x0000000715a00000|100%| E|CS|TAMS 0x0000000715900000, 0x0000000715900000| Complete 
| 280|0x0000000715a00000, 0x0000000715b00000, 0x0000000715b00000|100%| E|CS|TAMS 0x0000000715a00000, 0x0000000715a00000| Complete 
| 281|0x0000000715b00000, 0x0000000715c00000, 0x0000000715c00000|100%| E|CS|TAMS 0x0000000715b00000, 0x0000000715b00000| Complete 
| 282|0x0000000715c00000, 0x0000000715d00000, 0x0000000715d00000|100%| E|CS|TAMS 0x0000000715c00000, 0x0000000715c00000| Complete 
| 283|0x0000000715d00000, 0x0000000715e00000, 0x0000000715e00000|100%| E|CS|TAMS 0x0000000715d00000, 0x0000000715d00000| Complete 
| 284|0x0000000715e00000, 0x0000000715f00000, 0x0000000715f00000|100%| E|CS|TAMS 0x0000000715e00000, 0x0000000715e00000| Complete 
| 285|0x0000000715f00000, 0x0000000716000000, 0x0000000716000000|100%| E|CS|TAMS 0x0000000715f00000, 0x0000000715f00000| Complete 
| 286|0x0000000716000000, 0x0000000716100000, 0x0000000716100000|100%| E|CS|TAMS 0x0000000716000000, 0x0000000716000000| Complete 
| 287|0x0000000716100000, 0x0000000716200000, 0x0000000716200000|100%| E|CS|TAMS 0x0000000716100000, 0x0000000716100000| Complete 
| 288|0x0000000716200000, 0x0000000716300000, 0x0000000716300000|100%| E|CS|TAMS 0x0000000716200000, 0x0000000716200000| Complete 
| 289|0x0000000716300000, 0x0000000716400000, 0x0000000716400000|100%| E|CS|TAMS 0x0000000716300000, 0x0000000716300000| Complete 
| 290|0x0000000716400000, 0x0000000716500000, 0x0000000716500000|100%| E|CS|TAMS 0x0000000716400000, 0x0000000716400000| Complete 
| 291|0x0000000716500000, 0x0000000716600000, 0x0000000716600000|100%| E|CS|TAMS 0x0000000716500000, 0x0000000716500000| Complete 
| 292|0x0000000716600000, 0x0000000716700000, 0x0000000716700000|100%| E|CS|TAMS 0x0000000716600000, 0x0000000716600000| Complete 
| 293|0x0000000716700000, 0x0000000716800000, 0x0000000716800000|100%| E|CS|TAMS 0x0000000716700000, 0x0000000716700000| Complete 
| 294|0x0000000716800000, 0x0000000716900000, 0x0000000716900000|100%| E|CS|TAMS 0x0000000716800000, 0x0000000716800000| Complete 
| 295|0x0000000716900000, 0x0000000716a00000, 0x0000000716a00000|100%| E|CS|TAMS 0x0000000716900000, 0x0000000716900000| Complete 
| 296|0x0000000716a00000, 0x0000000716b00000, 0x0000000716b00000|100%| E|CS|TAMS 0x0000000716a00000, 0x0000000716a00000| Complete 
| 297|0x0000000716b00000, 0x0000000716c00000, 0x0000000716c00000|100%| E|CS|TAMS 0x0000000716b00000, 0x0000000716b00000| Complete 
| 298|0x0000000716c00000, 0x0000000716d00000, 0x0000000716d00000|100%| E|CS|TAMS 0x0000000716c00000, 0x0000000716c00000| Complete 
| 299|0x0000000716d00000, 0x0000000716e00000, 0x0000000716e00000|100%| E|CS|TAMS 0x0000000716d00000, 0x0000000716d00000| Complete 
| 300|0x0000000716e00000, 0x0000000716f00000, 0x0000000716f00000|100%| E|CS|TAMS 0x0000000716e00000, 0x0000000716e00000| Complete 
| 301|0x0000000716f00000, 0x0000000717000000, 0x0000000717000000|100%| E|CS|TAMS 0x0000000716f00000, 0x0000000716f00000| Complete 
| 302|0x0000000717000000, 0x0000000717100000, 0x0000000717100000|100%| E|CS|TAMS 0x0000000717000000, 0x0000000717000000| Complete 

Card table byte_map: [0x0000022fa1d60000,0x0000022fa2540000] _byte_map_base: 0x0000022f9e53f000

Marking Bits (Prev, Next): (CMBitMap*) 0x0000022f88721cb0, (CMBitMap*) 0x0000022f88721c78
 Prev Bits: [0x0000022fa6c20000, 0x0000022faab18000)
 Next Bits: [0x0000022fa2d20000, 0x0000022fa6c18000)

Polling page: 0x0000022f87e90000

Metaspace:

Usage:
  Non-class:     62.03 MB capacity,    61.52 MB (>99%) used,   397.22 KB ( <1%) free+waste,   126.50 KB ( <1%) overhead. 
      Class:      7.89 MB capacity,     7.55 MB ( 96%) used,   293.29 KB (  4%) free+waste,    54.00 KB ( <1%) overhead. 
       Both:     69.92 MB capacity,    69.07 MB ( 99%) used,   690.51 KB ( <1%) free+waste,   180.50 KB ( <1%) overhead. 

Virtual space:
  Non-class space:       64.00 MB reserved,      62.09 MB ( 97%) committed 
      Class space:        1.00 GB reserved,       8.00 MB ( <1%) committed 
             Both:        1.06 GB reserved,      70.09 MB (  6%) committed 

Chunk freelists:
   Non-Class:  61.00 KB
       Class:  17.00 KB
        Both:  78.00 KB

MaxMetaspaceSize: 17179869184.00 GB
CompressedClassSpaceSize: 1.00 GB
Initial GC threshold: 20.80 MB
Current GC threshold: 98.90 MB
CDS: off

CodeHeap 'non-profiled nmethods': size=120000Kb used=6724Kb max_used=6724Kb free=113275Kb
 bounds [0x0000022f99d20000, 0x0000022f9a3c0000, 0x0000022fa1250000]
CodeHeap 'profiled nmethods': size=120000Kb used=33837Kb max_used=33837Kb free=86162Kb
 bounds [0x0000022f927f0000, 0x0000022f94900000, 0x0000022f99d20000]
CodeHeap 'non-nmethods': size=5760Kb used=1326Kb max_used=1417Kb free=4433Kb
 bounds [0x0000022f92250000, 0x0000022f924c0000, 0x0000022f927f0000]
 total_blobs=12458 nmethods=11860 adapters=508
 compilation: enabled
              stopped_count=0, restarted_count=0
 full_count=0

Compilation events (20 events):
Event: 14.726 Thread 0x0000022fae003800 12032       2       org.jetbrains.kotlin.utils.DFS$1::beforeChildren (41 bytes)
Event: 14.727 Thread 0x0000022fae003800 nmethod 12032 0x0000022f948f2d90 code [0x0000022f948f2f60, 0x0000022f948f3168]
Event: 14.728 Thread 0x0000022fae003800 12033       2       kotlin.Pair::equals (55 bytes)
Event: 14.729 Thread 0x0000022fae003800 nmethod 12033 0x0000022f948f3310 code [0x0000022f948f34e0, 0x0000022f948f37b8]
Event: 14.729 Thread 0x0000022fae003800 12034       2       org.jetbrains.kotlin.resolve.lazy.FileScopeFactory$currentPackageScope$1::getContributedVariables (61 bytes)
Event: 14.730 Thread 0x0000022fae003800 nmethod 12034 0x0000022f948f3910 code [0x0000022f948f3b60, 0x0000022f948f4098]
Event: 14.733 Thread 0x0000022fae003800 12035       2       org.jetbrains.kotlin.resolve.scopes.SyntheticScopesKt::collectSyntheticMemberFunctions (128 bytes)
Event: 14.735 Thread 0x0000022fae003800 nmethod 12035 0x0000022f948f4390 code [0x0000022f948f46c0, 0x0000022f948f51e8]
Event: 14.740 Thread 0x0000022fae003800 12036       2       org.jetbrains.kotlin.resolve.calls.tower.QualifierScopeTowerProcessor::<init> (47 bytes)
Event: 14.741 Thread 0x0000022fae003800 nmethod 12036 0x0000022f948f5890 code [0x0000022f948f5ba0, 0x0000022f948f66b8]
Event: 14.741 Thread 0x0000022fae003800 12037       2       org.jetbrains.kotlin.resolve.calls.tower.ScopeTowerProcessorsKt$createSimpleFunctionProcessor$1::<init> (11 bytes)
Event: 14.741 Thread 0x0000022fae003800 nmethod 12037 0x0000022f948f6d10 code [0x0000022f948f6ec0, 0x0000022f948f7018]
Event: 14.747 Thread 0x0000022fae003800 12038       1       org.jetbrains.kotlin.resolve.calls.model.QualifierReceiverKotlinCallArgument::getReceiver (5 bytes)
Event: 14.747 Thread 0x0000022fae003800 nmethod 12038 0x0000022f9a3b0a90 code [0x0000022f9a3b0c40, 0x0000022f9a3b0cf8]
Event: 14.748 Thread 0x0000022fae003800 12039       1       org.jetbrains.kotlin.descriptors.impl.FunctionDescriptorImpl::isActual (5 bytes)
Event: 14.749 Thread 0x0000022fae003800 nmethod 12039 0x0000022f9a3b0d90 code [0x0000022f9a3b0f40, 0x0000022f9a3b0ff8]
Event: 14.751 Thread 0x0000022fae003800 12040       2       org.jetbrains.kotlin.types.error.ErrorPropertyDescriptor::getReturnType (8 bytes)
Event: 14.752 Thread 0x0000022fae003800 nmethod 12040 0x0000022f948f7090 code [0x0000022f948f7260, 0x0000022f948f73d8]
Event: 14.752 Thread 0x0000022fae003800 12041       2       org.jetbrains.kotlin.resolve.scopes.ChainedMemberScope$Companion::create (106 bytes)
Event: 14.753 Thread 0x0000022fae003800 nmethod 12041 0x0000022f948f7510 code [0x0000022f948f7860, 0x0000022f948f8558]

GC Heap History (18 events):
Event: 0.921 GC heap before
{Heap before GC invocations=0 (full 0):
 garbage-first heap   total 258048K, used 28672K [0x0000000704200000, 0x0000000800000000)
  region size 1024K, 24 young (24576K), 0 survivors (0K)
 Metaspace       used 12116K, capacity 12216K, committed 12544K, reserved 1060864K
  class space    used 1115K, capacity 1175K, committed 1280K, reserved 1048576K
}
Event: 0.925 GC heap after
{Heap after GC invocations=1 (full 0):
 garbage-first heap   total 258048K, used 6742K [0x0000000704200000, 0x0000000800000000)
  region size 1024K, 3 young (3072K), 3 survivors (3072K)
 Metaspace       used 12116K, capacity 12216K, committed 12544K, reserved 1060864K
  class space    used 1115K, capacity 1175K, committed 1280K, reserved 1048576K
}
Event: 1.803 GC heap before
{Heap before GC invocations=1 (full 0):
 garbage-first heap   total 258048K, used 45654K [0x0000000704200000, 0x0000000800000000)
  region size 1024K, 42 young (43008K), 3 survivors (3072K)
 Metaspace       used 21036K, capacity 21190K, committed 21248K, reserved 1069056K
  class space    used 2218K, capacity 2304K, committed 2304K, reserved 1048576K
}
Event: 1.814 GC heap after
{Heap after GC invocations=2 (full 0):
 garbage-first heap   total 258048K, used 10500K [0x0000000704200000, 0x0000000800000000)
  region size 1024K, 7 young (7168K), 7 survivors (7168K)
 Metaspace       used 21036K, capacity 21190K, committed 21248K, reserved 1069056K
  class space    used 2218K, capacity 2304K, committed 2304K, reserved 1048576K
}
Event: 3.521 GC heap before
{Heap before GC invocations=3 (full 0):
 garbage-first heap   total 258048K, used 69892K [0x0000000704200000, 0x0000000800000000)
  region size 1024K, 59 young (60416K), 7 survivors (7168K)
 Metaspace       used 32938K, capacity 33417K, committed 33788K, reserved 1079296K
  class space    used 4045K, capacity 4241K, committed 4348K, reserved 1048576K
}
Event: 3.533 GC heap after
{Heap after GC invocations=4 (full 0):
 garbage-first heap   total 258048K, used 23467K [0x0000000704200000, 0x0000000800000000)
  region size 1024K, 8 young (8192K), 8 survivors (8192K)
 Metaspace       used 32938K, capacity 33417K, committed 33788K, reserved 1079296K
  class space    used 4045K, capacity 4241K, committed 4348K, reserved 1048576K
}
Event: 3.853 GC heap before
{Heap before GC invocations=4 (full 0):
 garbage-first heap   total 258048K, used 28587K [0x0000000704200000, 0x0000000800000000)
  region size 1024K, 13 young (13312K), 8 survivors (8192K)
 Metaspace       used 34405K, capacity 34825K, committed 35196K, reserved 1079296K
  class space    used 4194K, capacity 4369K, committed 4476K, reserved 1048576K
}
Event: 3.862 GC heap after
{Heap after GC invocations=5 (full 0):
 garbage-first heap   total 258048K, used 24979K [0x0000000704200000, 0x0000000800000000)
  region size 1024K, 2 young (2048K), 2 survivors (2048K)
 Metaspace       used 34405K, capacity 34825K, committed 35196K, reserved 1079296K
  class space    used 4194K, capacity 4369K, committed 4476K, reserved 1048576K
}
Event: 4.038 GC heap before
{Heap before GC invocations=5 (full 0):
 garbage-first heap   total 258048K, used 31123K [0x0000000704200000, 0x0000000800000000)
  region size 1024K, 9 young (9216K), 2 survivors (2048K)
 Metaspace       used 35474K, capacity 35849K, committed 36048K, reserved 1081344K
  class space    used 4309K, capacity 4497K, committed 4604K, reserved 1048576K
}
Event: 4.042 GC heap after
{Heap after GC invocations=6 (full 0):
 garbage-first heap   total 258048K, used 25401K [0x0000000704200000, 0x0000000800000000)
  region size 1024K, 2 young (2048K), 2 survivors (2048K)
 Metaspace       used 35474K, capacity 35849K, committed 36048K, reserved 1081344K
  class space    used 4309K, capacity 4497K, committed 4604K, reserved 1048576K
}
Event: 6.061 GC heap before
{Heap before GC invocations=7 (full 0):
 garbage-first heap   total 258048K, used 134969K [0x0000000704200000, 0x0000000800000000)
  region size 1024K, 106 young (108544K), 2 survivors (2048K)
 Metaspace       used 51240K, capacity 51758K, committed 51920K, reserved 1095680K
  class space    used 5876K, capacity 6095K, committed 6140K, reserved 1048576K
}
Event: 6.073 GC heap after
{Heap after GC invocations=8 (full 0):
 garbage-first heap   total 258048K, used 37499K [0x0000000704200000, 0x0000000800000000)
  region size 1024K, 14 young (14336K), 14 survivors (14336K)
 Metaspace       used 51240K, capacity 51758K, committed 51920K, reserved 1095680K
  class space    used 5876K, capacity 6095K, committed 6140K, reserved 1048576K
}
Event: 7.755 GC heap before
{Heap before GC invocations=8 (full 0):
 garbage-first heap   total 258048K, used 90747K [0x0000000704200000, 0x0000000800000000)
  region size 1024K, 67 young (68608K), 14 survivors (14336K)
 Metaspace       used 59688K, capacity 60440K, committed 60508K, reserved 1103872K
  class space    used 6802K, capacity 7112K, committed 7164K, reserved 1048576K
}
Event: 7.803 GC heap after
{Heap after GC invocations=9 (full 0):
 garbage-first heap   total 310272K, used 45524K [0x0000000704200000, 0x0000000800000000)
  region size 1024K, 8 young (8192K), 8 survivors (8192K)
 Metaspace       used 59688K, capacity 60440K, committed 60508K, reserved 1103872K
  class space    used 6802K, capacity 7112K, committed 7164K, reserved 1048576K
}
Event: 9.555 GC heap before
{Heap before GC invocations=10 (full 0):
 garbage-first heap   total 310272K, used 164308K [0x0000000704200000, 0x0000000800000000)
  region size 1024K, 124 young (126976K), 8 survivors (8192K)
 Metaspace       used 61715K, capacity 62534K, committed 62812K, reserved 1105920K
  class space    used 6972K, capacity 7296K, committed 7420K, reserved 1048576K
}
Event: 9.581 GC heap after
{Heap after GC invocations=11 (full 0):
 garbage-first heap   total 310272K, used 64779K [0x0000000704200000, 0x0000000800000000)
  region size 1024K, 16 young (16384K), 16 survivors (16384K)
 Metaspace       used 61715K, capacity 62534K, committed 62812K, reserved 1105920K
  class space    used 6972K, capacity 7296K, committed 7420K, reserved 1048576K
}
Event: 11.126 GC heap before
{Heap before GC invocations=11 (full 0):
 garbage-first heap   total 310272K, used 166155K [0x0000000704200000, 0x0000000800000000)
  region size 1024K, 114 young (116736K), 16 survivors (16384K)
 Metaspace       used 65876K, capacity 66694K, committed 66780K, reserved 1107968K
  class space    used 7369K, capacity 7721K, committed 7804K, reserved 1048576K
}
Event: 11.145 GC heap after
{Heap after GC invocations=12 (full 0):
 garbage-first heap   total 310272K, used 73398K [0x0000000704200000, 0x0000000800000000)
  region size 1024K, 8 young (8192K), 8 survivors (8192K)
 Metaspace       used 65876K, capacity 66694K, committed 66780K, reserved 1107968K
  class space    used 7369K, capacity 7721K, committed 7804K, reserved 1048576K
}

Deoptimization events (20 events):
Event: 14.514 Thread 0x0000022f886bf800 DEOPT PACKING pc=0x0000022f9a21e308 sp=0x00000080b1af8850
Event: 14.514 Thread 0x0000022f886bf800 DEOPT UNPACKING pc=0x0000022f922585af sp=0x00000080b1af87e0 mode 2
Event: 14.570 Thread 0x0000022f886bf800 Uncommon trap: trap_request=0xffffff6e fr.pc=0x0000022f9a3a70ac relative=0x00000000000018cc
Event: 14.570 Thread 0x0000022f886bf800 Uncommon trap: reason=speculate_class_check action=maybe_recompile pc=0x0000022f9a3a70ac method=org.jetbrains.kotlin.types.model.TypeSystemCommonSuperTypesContext.typeDepth(Lorg/jetbrains/kotlin/types/model/KotlinTypeMarker;)I @ 9 c2
Event: 14.570 Thread 0x0000022f886bf800 DEOPT PACKING pc=0x0000022f9a3a70ac sp=0x00000080b1af8a20
Event: 14.570 Thread 0x0000022f886bf800 DEOPT UNPACKING pc=0x0000022f922585af sp=0x00000080b1af8948 mode 2
Event: 14.571 Thread 0x0000022f886bf800 Uncommon trap: trap_request=0xffffff6e fr.pc=0x0000022f9a3a70ac relative=0x00000000000018cc
Event: 14.571 Thread 0x0000022f886bf800 Uncommon trap: reason=speculate_class_check action=maybe_recompile pc=0x0000022f9a3a70ac method=org.jetbrains.kotlin.types.model.TypeSystemCommonSuperTypesContext.typeDepth(Lorg/jetbrains/kotlin/types/model/KotlinTypeMarker;)I @ 9 c2
Event: 14.571 Thread 0x0000022f886bf800 DEOPT PACKING pc=0x0000022f9a3a70ac sp=0x00000080b1af8a20
Event: 14.571 Thread 0x0000022f886bf800 DEOPT UNPACKING pc=0x0000022f922585af sp=0x00000080b1af8948 mode 2
Event: 14.571 Thread 0x0000022f886bf800 Uncommon trap: trap_request=0xffffff6e fr.pc=0x0000022f9a3a70ac relative=0x00000000000018cc
Event: 14.571 Thread 0x0000022f886bf800 Uncommon trap: reason=speculate_class_check action=maybe_recompile pc=0x0000022f9a3a70ac method=org.jetbrains.kotlin.types.model.TypeSystemCommonSuperTypesContext.typeDepth(Lorg/jetbrains/kotlin/types/model/KotlinTypeMarker;)I @ 9 c2
Event: 14.571 Thread 0x0000022f886bf800 DEOPT PACKING pc=0x0000022f9a3a70ac sp=0x00000080b1af8a20
Event: 14.571 Thread 0x0000022f886bf800 DEOPT UNPACKING pc=0x0000022f922585af sp=0x00000080b1af8948 mode 2
Event: 14.571 Thread 0x0000022f886bf800 Uncommon trap: trap_request=0xffffff6e fr.pc=0x0000022f9a3a70ac relative=0x00000000000018cc
Event: 14.571 Thread 0x0000022f886bf800 Uncommon trap: reason=speculate_class_check action=maybe_recompile pc=0x0000022f9a3a70ac method=org.jetbrains.kotlin.types.model.TypeSystemCommonSuperTypesContext.typeDepth(Lorg/jetbrains/kotlin/types/model/KotlinTypeMarker;)I @ 9 c2
Event: 14.571 Thread 0x0000022f886bf800 DEOPT PACKING pc=0x0000022f9a3a70ac sp=0x00000080b1af8a20
Event: 14.571 Thread 0x0000022f886bf800 DEOPT UNPACKING pc=0x0000022f922585af sp=0x00000080b1af8948 mode 2
Event: 14.716 Thread 0x0000022f886bf800 DEOPT PACKING pc=0x0000022f93dfe166 sp=0x00000080b1af1fa0
Event: 14.716 Thread 0x0000022f886bf800 DEOPT UNPACKING pc=0x0000022f92299d0e sp=0x00000080b1af14a8 mode 0

Classes redefined (0 events):
No events

Internal exceptions (20 events):
Event: 9.663 Thread 0x0000022f886bf800 Implicit null exception at 0x0000022f99f90d88 to 0x0000022f99f91914
Event: 9.663 Thread 0x0000022f886bf800 Implicit null exception at 0x0000022f99f34dcb to 0x0000022f99f39d34
Event: 9.764 Thread 0x0000022f886bf800 Implicit null exception at 0x0000022f9a134419 to 0x0000022f9a134807
Event: 10.092 Thread 0x0000022f886bf800 Exception <a 'java/lang/NoSuchMethodError'{0x000000071367d310}: 'java.lang.Object java.lang.invoke.Invokers$Holder.linkToTargetMethod(java.lang.Object, java.lang.Object, java.lang.Object, java.lang.Object, java.lang.Object, java.lang.Object, java.lang.Object)'> (0x000000071367d310) thrown at [./src/hotspot/share/interpreter/linkResolver.cpp, line 773]
Event: 10.307 Thread 0x0000022f886bf800 Exception <a 'java/lang/NoSuchMethodError'{0x0000000712ce01a0}: 'java.lang.Object java.lang.invoke.Invokers$Holder.linkToTargetMethod(java.lang.Object, java.lang.Object, java.lang.Object, int, int, java.lang.Object)'> (0x0000000712ce01a0) thrown at [./src/hotspot/share/interpreter/linkResolver.cpp, line 773]
Event: 10.311 Thread 0x0000022f886bf800 Implicit null exception at 0x0000022f9a16f653 to 0x0000022f9a173d3c
Event: 10.342 Thread 0x0000022f886bf800 Implicit null exception at 0x0000022f9a182583 to 0x0000022f9a1828f0
Event: 10.860 Thread 0x0000022f886bf800 Exception <a 'java/lang/NoSuchMethodError'{0x00000007114eecc8}: 'java.lang.Object java.lang.invoke.DirectMethodHandle$Holder.invokeInterface(java.lang.Object, java.lang.Object, java.lang.Object)'> (0x00000007114eecc8) thrown at [./src/hotspot/share/interpreter/linkResolver.cpp, line 773]
Event: 10.860 Thread 0x0000022f886bf800 Exception <a 'java/lang/IncompatibleClassChangeError'{0x00000007114f2448}: Found class java.lang.Object, but interface was expected> (0x00000007114f2448) thrown at [./src/hotspot/share/interpreter/linkResolver.cpp, line 839]
Event: 10.970 Thread 0x0000022f886bf800 Implicit null exception at 0x0000022f9a1cd00d to 0x0000022f9a1ceb34
Event: 11.186 Thread 0x0000022f886bf800 Implicit null exception at 0x0000022f9a11e9d3 to 0x0000022f9a120671
Event: 11.269 Thread 0x0000022f886bf800 Implicit null exception at 0x0000022f99d7d875 to 0x0000022f99d7da58
Event: 11.382 Thread 0x0000022f886bf800 Exception <a 'java/lang/NoSuchMethodError'{0x0000000716a75cd0}: 'int java.lang.invoke.DirectMethodHandle$Holder.invokeStaticInit(java.lang.Object, int)'> (0x0000000716a75cd0) thrown at [./src/hotspot/share/interpreter/linkResolver.cpp, line 773]
Event: 11.472 Thread 0x0000022f886bf800 Implicit null exception at 0x0000022f99d3d0f4 to 0x0000022f99d3d60c
Event: 11.492 Thread 0x0000022f886bf800 Implicit null exception at 0x0000022f99d3ef74 to 0x0000022f99d3f460
Event: 11.659 Thread 0x0000022f886bf800 Implicit null exception at 0x0000022f9a1c7bcc to 0x0000022f9a1c7ed8
Event: 11.939 Thread 0x0000022f886bf800 Implicit null exception at 0x0000022f9a262c80 to 0x0000022f9a26a080
Event: 12.508 Thread 0x0000022f886bf800 Implicit null exception at 0x0000022f9a1c457e to 0x0000022f9a1c46b9
Event: 12.619 Thread 0x0000022f886bf800 Implicit null exception at 0x0000022f99d7cb78 to 0x0000022f99d7cc0a
Event: 12.807 Thread 0x0000022f886bf800 Exception <a 'java/lang/NoSuchMethodError'{0x0000000714544e40}: 'java.lang.Object java.lang.invoke.DirectMethodHandle$Holder.invokeSpecial(java.lang.Object, java.lang.Object, int, java.lang.Object, java.lang.Object)'> (0x0000000714544e40) thrown at [./src/hotspot/share/interpreter/linkResolver.cpp, line 773]

Events (20 events):
Event: 14.175 Executing VM operation: Deoptimize
Event: 14.176 Executing VM operation: Deoptimize done
Event: 14.465 Executing VM operation: ICBufferFull
Event: 14.465 Executing VM operation: ICBufferFull done
Event: 14.502 loading class org/jetbrains/kotlin/resolve/calls/inference/CapturedTypeConstructorKt$createCapturedIfNeeded$1
Event: 14.502 loading class org/jetbrains/kotlin/resolve/calls/inference/CapturedTypeConstructorKt$createCapturedIfNeeded$1 done
Event: 14.503 loading class org/jetbrains/kotlin/load/kotlin/AbstractBinaryClassAnnotationLoader$PropertyRelatedElement
Event: 14.503 loading class org/jetbrains/kotlin/load/kotlin/AbstractBinaryClassAnnotationLoader$PropertyRelatedElement done
Event: 14.504 loading class org/jetbrains/kotlin/metadata/jvm/deserialization/JvmFlags
Event: 14.504 loading class org/jetbrains/kotlin/metadata/jvm/deserialization/JvmFlags done
Event: 14.504 loading class org/jetbrains/kotlin/load/kotlin/AbstractBinaryClassAnnotationLoaderKt
Event: 14.504 loading class org/jetbrains/kotlin/load/kotlin/AbstractBinaryClassAnnotationLoaderKt done
Event: 14.518 loading class org/jetbrains/kotlin/resolve/calls/inference/model/SimpleConstraintSystemConstraintPosition
Event: 14.518 loading class org/jetbrains/kotlin/resolve/calls/inference/model/SimpleConstraintSystemConstraintPosition done
Event: 14.519 loading class org/jetbrains/kotlin/types/model/MarkerExtensionsKt$dependsOnTypeConstructor$1$1
Event: 14.519 loading class org/jetbrains/kotlin/types/model/MarkerExtensionsKt$dependsOnTypeConstructor$1$1 done
Event: 14.677 loading class org/jetbrains/kotlin/com/intellij/openapi/util/TextRange
Event: 14.677 loading class org/jetbrains/kotlin/com/intellij/openapi/util/TextRange done
Event: 14.678 loading class org/jetbrains/kotlin/com/intellij/openapi/util/Segment
Event: 14.678 loading class org/jetbrains/kotlin/com/intellij/openapi/util/Segment done


Dynamic libraries:
0x00007ff60d1a0000 - 0x00007ff60d1ad000 	C:\Program Files\OpenJDK\jdk-11.0.18.10-hotspot\bin\java.exe
0x00007ffe27470000 - 0x00007ffe27687000 	C:\Windows\SYSTEM32\ntdll.dll
0x00007ffe25ab0000 - 0x00007ffe25b74000 	C:\Windows\System32\KERNEL32.DLL
0x00007ffe249c0000 - 0x00007ffe24d66000 	C:\Windows\System32\KERNELBASE.dll
0x00007ffe24ec0000 - 0x00007ffe24fd1000 	C:\Windows\System32\ucrtbase.dll
0x00007ffdf3630000 - 0x00007ffdf3647000 	C:\Program Files\OpenJDK\jdk-11.0.18.10-hotspot\bin\jli.dll
0x00007ffe26880000 - 0x00007ffe26a2e000 	C:\Windows\System32\USER32.dll
0x00007ffe24d70000 - 0x00007ffe24d96000 	C:\Windows\System32\win32u.dll
0x00007ffe25600000 - 0x00007ffe25629000 	C:\Windows\System32\GDI32.dll
0x00007ffe247e0000 - 0x00007ffe248f8000 	C:\Windows\System32\gdi32full.dll
0x00007ffdf3510000 - 0x00007ffdf3525000 	C:\Program Files\OpenJDK\jdk-11.0.18.10-hotspot\bin\VCRUNTIME140.dll
0x00007ffe24e20000 - 0x00007ffe24eba000 	C:\Windows\System32\msvcp_win.dll
0x00007ffe0e630000 - 0x00007ffe0e8c3000 	C:\Windows\WinSxS\amd64_microsoft.windows.common-controls_6595b64144ccf1df_6.0.22621.2506_none_270c5ae97388e100\COMCTL32.dll
0x00007ffe258b0000 - 0x00007ffe25957000 	C:\Windows\System32\msvcrt.dll
0x00007ffe26840000 - 0x00007ffe26871000 	C:\Windows\System32\IMM32.DLL
0x00007ffdc1570000 - 0x00007ffdc160b000 	C:\Program Files\OpenJDK\jdk-11.0.18.10-hotspot\bin\msvcp140.dll
0x00007ffd98290000 - 0x00007ffd98da3000 	C:\Program Files\OpenJDK\jdk-11.0.18.10-hotspot\bin\server\jvm.dll
0x00007ffe26650000 - 0x00007ffe26701000 	C:\Windows\System32\ADVAPI32.dll
0x00007ffe26a30000 - 0x00007ffe26ad5000 	C:\Windows\System32\sechost.dll
0x00007ffe25b80000 - 0x00007ffe25c97000 	C:\Windows\System32\RPCRT4.dll
0x00007ffe26830000 - 0x00007ffe26838000 	C:\Windows\System32\PSAPI.DLL
0x00007ffdfa2c0000 - 0x00007ffdfa2c9000 	C:\Windows\SYSTEM32\WSOCK32.dll
0x00007ffe25510000 - 0x00007ffe25581000 	C:\Windows\System32\WS2_32.dll
0x00007ffe1a620000 - 0x00007ffe1a654000 	C:\Windows\SYSTEM32\WINMM.dll
0x00007ffe19a70000 - 0x00007ffe19a7a000 	C:\Windows\SYSTEM32\VERSION.dll
0x00007ffe237a0000 - 0x00007ffe237b8000 	C:\Windows\SYSTEM32\kernel.appcore.dll
0x00007ffdf5730000 - 0x00007ffdf5740000 	C:\Program Files\OpenJDK\jdk-11.0.18.10-hotspot\bin\verify.dll
0x00007ffe22230000 - 0x00007ffe22463000 	C:\Windows\SYSTEM32\DBGHELP.DLL
0x00007ffe25e40000 - 0x00007ffe261c9000 	C:\Windows\System32\combase.dll
0x00007ffe25cb0000 - 0x00007ffe25d87000 	C:\Windows\System32\OLEAUT32.dll
0x00007ffe178b0000 - 0x00007ffe178e2000 	C:\Windows\SYSTEM32\dbgcore.DLL
0x00007ffe24da0000 - 0x00007ffe24e1a000 	C:\Windows\System32\bcryptPrimitives.dll
0x00007ffdee830000 - 0x00007ffdee858000 	C:\Program Files\OpenJDK\jdk-11.0.18.10-hotspot\bin\java.dll
0x00007ffdf4040000 - 0x00007ffdf404a000 	C:\Program Files\OpenJDK\jdk-11.0.18.10-hotspot\bin\jimage.dll
0x00007ffdeec20000 - 0x00007ffdeec38000 	C:\Program Files\OpenJDK\jdk-11.0.18.10-hotspot\bin\zip.dll
0x00007ffe26bd0000 - 0x00007ffe2742a000 	C:\Windows\System32\SHELL32.dll
0x00007ffe226b0000 - 0x00007ffe22fa6000 	C:\Windows\SYSTEM32\windows.storage.dll
0x00007ffe22570000 - 0x00007ffe226ae000 	C:\Windows\SYSTEM32\wintypes.dll
0x00007ffe25380000 - 0x00007ffe25473000 	C:\Windows\System32\SHCORE.dll
0x00007ffe25640000 - 0x00007ffe2569e000 	C:\Windows\System32\shlwapi.dll
0x00007ffe24710000 - 0x00007ffe24736000 	C:\Windows\SYSTEM32\profapi.dll
0x00007ffe161d0000 - 0x00007ffe161e9000 	C:\Program Files\OpenJDK\jdk-11.0.18.10-hotspot\bin\net.dll
0x00007ffe1ed50000 - 0x00007ffe1ee87000 	C:\Windows\SYSTEM32\WINHTTP.dll
0x00007ffe23c10000 - 0x00007ffe23c79000 	C:\Windows\system32\mswsock.dll
0x00007ffdf8b10000 - 0x00007ffdf8b23000 	C:\Program Files\OpenJDK\jdk-11.0.18.10-hotspot\bin\nio.dll

dbghelp: loaded successfully - version: 4.0.5 - missing functions: none
symbol engine: initialized successfully - sym options: 0x614 - pdb path: .;C:\Program Files\OpenJDK\jdk-11.0.18.10-hotspot\bin;C:\Windows\SYSTEM32;C:\Windows\WinSxS\amd64_microsoft.windows.common-controls_6595b64144ccf1df_6.0.22621.2506_none_270c5ae97388e100;C:\Program Files\OpenJDK\jdk-11.0.18.10-hotspot\bin\server

VM Arguments:
java_command: org.jetbrains.kotlin.cli.jvm.K2JVMCompiler @D:\Data\e-card-maker\e-card-maker\eCardMaker\node_modules\react-native-screens\android\build\20231231_16502487878800153731.compiler.options
java_class_path (initial): C:\Users\Mahesh\.gradle\caches\modules-2\files-2.1\org.jetbrains.kotlin\kotlin-compiler-embeddable\1.8.0\eb9118d4bcceaa2a94b2ae2a33a4ddba7c9a947f\kotlin-compiler-embeddable-1.8.0.jar;C:\Users\Mahesh\.gradle\caches\modules-2\files-2.1\org.jetbrains.kotlin\kotlin-stdlib\1.8.0\1796921c7a3e2e2665a83e6c8d33399336cd39bc\kotlin-stdlib-1.8.0.jar;C:\Users\Mahesh\.gradle\caches\modules-2\files-2.1\org.jetbrains.kotlin\kotlin-script-runtime\1.8.0\b2f7e760d283cb339974851c222a4c1d48f2d3d\kotlin-script-runtime-1.8.0.jar;C:\Users\Mahesh\.gradle\caches\modules-2\files-2.1\org.jetbrains.kotlin\kotlin-reflect\1.6.10\1cbe9c92c12a94eea200d23c2bbaedaf3daf5132\kotlin-reflect-1.6.10.jar;C:\Users\Mahesh\.gradle\caches\modules-2\files-2.1\org.jetbrains.kotlin\kotlin-daemon-embeddable\1.8.0\d255216c551685dc3a7e852b53617f5f01aaaa5c\kotlin-daemon-embeddable-1.8.0.jar;C:\Users\Mahesh\.gradle\caches\modules-2\files-2.1\org.jetbrains.intellij.deps\trove4j\1.0.20200330\3afb14d5f9ceb459d724e907a21145e8ff394f02\trove4j-1.0.20200330.jar;C:\Users\Mahesh\.gradle\caches\modules-2\files-2.1\net.java.dev.jna\jna\5.6.0\330f2244e9030119ab3030fc3fededc86713d9cc\jna-5.6.0.jar;C:\Users\Mahesh\.gradle\caches\modules-2\files-2.1\org.jetbrains.kotlin\kotlin-stdlib-common\1.8.0\f7197e7cc76453ac59f8b0f8d5137cc600becd36\kotlin-stdlib-common-1.8.0.jar;C:\Users\Mahesh\.gradle\caches\modules-2\files-2.1\org.jetbrains\annotations\13.0\919f0dfe192fb4e063e7dacadee7f8bb9a2672a9\annotations-13.0.jar
Launcher Type: SUN_STANDARD

[Global flags]
     intx CICompilerCount                          = 4                                         {product} {ergonomic}
     uint ConcGCThreads                            = 2                                         {product} {ergonomic}
     uint G1ConcRefinementThreads                  = 8                                         {product} {ergonomic}
   size_t G1HeapRegionSize                         = 1048576                                   {product} {ergonomic}
    uintx GCDrainStackTargetSize                   = 64                                        {product} {ergonomic}
   size_t InitialHeapSize                          = 264241152                                 {product} {ergonomic}
   size_t MarkStackSize                            = 4194304                                   {product} {ergonomic}
   size_t MaxHeapSize                              = 4225761280                                {product} {ergonomic}
   size_t MaxNewSize                               = 2535456768                                {product} {ergonomic}
   size_t MinHeapDeltaBytes                        = 1048576                                   {product} {ergonomic}
    uintx NonNMethodCodeHeapSize                   = 5836300                                {pd product} {ergonomic}
    uintx NonProfiledCodeHeapSize                  = 122910970                              {pd product} {ergonomic}
    uintx ProfiledCodeHeapSize                     = 122910970                              {pd product} {ergonomic}
    uintx ReservedCodeCacheSize                    = 251658240                              {pd product} {ergonomic}
     bool SegmentedCodeCache                       = true                                      {product} {ergonomic}
     bool UseCompressedClassPointers               = true                                 {lp64_product} {ergonomic}
     bool UseCompressedOops                        = true                                 {lp64_product} {ergonomic}
     bool UseG1GC                                  = true                                      {product} {ergonomic}
     bool UseLargePagesIndividualAllocation        = false                                  {pd product} {ergonomic}

Logging:
Log output configuration:
 #0: stdout all=warning uptime,level,tags
 #1: stderr all=off uptime,level,tags

Environment Variables:
JAVA_HOME=C:\Program Files\OpenJDK\jdk-11.0.18.10-hotspot\
CLASSPATH=D:\Data\e-card-maker\e-card-maker\eCardMaker\android\\gradle\wrapper\gradle-wrapper.jar
PATH=D:\Data\e-card-maker\e-card-maker\eCardMaker\node_modules\.bin;D:\Data\e-card-maker\e-card-maker\node_modules\.bin;D:\Data\e-card-maker\node_modules\.bin;D:\Data\node_modules\.bin;D:\node_modules\.bin;C:\Users\Mahesh\AppData\Roaming\nvm\v16.15.0\node_modules\npm\node_modules\@npmcli\run-script\lib\node-gyp-bin;C:\ProgramData\miniconda3\condabin;C:\Program Files\OpenJDK\jdk-11.0.18.10-hotspot\bin;C:\Windows\system32;C:\Windows;C:\Windows\System32\Wbem;C:\Windows\System32\WindowsPowerShell\v1.0\;C:\Windows\System32\OpenSSH\;C:\Program Files\dotnet\;C:\Program Files\Git\cmd;C:\ProgramData\chocolatey\bin;C:\Users\Mahesh\AppData\Roaming\nvm;C:\Program Files\nodejs;C:\Program Files\PuTTY\;C:\Users\Mahesh\AppData\Local\Android\Sdk\platform-tools;C:\Users\Mahesh\AppData\Local\Android\Sdk;;C:\Program Files\Docker\Docker\resources\bin;C:\Program Files (x86)\Microsoft SQL Server\160\DTS\Binn\;C:\Program Files\Azure Data Studio\bin;C:\Program Files (x86)\Microsoft SQL Server\160\Tools\Binn\;C:\Program Files\Microsoft SQL Server\160\Tools\Binn\;C:\Program Files\Microsoft SQL Server\Client SDK\ODBC\170\Tools\Binn\;C:\Program Files\Microsoft SQL Server\160\DTS\Binn\;C:\Users\Mahesh\AppData\Local\Programs\Python\Python310\Scripts\;C:\Users\Mahesh\AppData\Local\Programs\Python\Python310\;C:\Users\Mahesh\AppData\Local\Microsoft\WindowsApps;C:\Users\Mahesh\AppData\Local\Programs\Microsoft VS Code\bin;C:\Users\Mahesh\AppData\Roaming\npm;C:\ProgramData\miniconda3\Scripts;D:\Data\e-card-maker\e-card-maker\eCardMaker\node_modules\.bin
USERNAME=Mahesh
OS=Windows_NT
PROCESSOR_IDENTIFIER=Intel64 Family 6 Model 140 Stepping 1, GenuineIntel
TMP=C:\Users\Mahesh\AppData\Local\Temp
TEMP=C:\Users\Mahesh\AppData\Local\Temp



---------------  S Y S T E M  ---------------

OS: Windows 11 , 64 bit Build 22621 (10.0.22621.2506)
OS uptime: 20 days 12:25 hours
Hyper-V role detected

CPU:total 8 (initial active 8) (4 cores per cpu, 2 threads per core) family 6 model 140 stepping 1 microcode 0xac, cmov, cx8, fxsr, mmx, sse, sse2, sse3, ssse3, sse4.1, sse4.2, popcnt, avx, avx2, aes, clmul, erms, 3dnowpref, lzcnt, ht, tsc, tscinvbit, bmi1, bmi2, adx, evex, sha, fma

Memory: 4k page, system-wide physical 16118M (2938M free)
TotalPageFile size 65270M (AvailPageFile size 10M)
current process WorkingSet (physical memory assigned to process): 487M, peak: 490M
current process commit charge ("private bytes"): 601M, peak: 604M

vm_info: OpenJDK 64-Bit Server VM (11.0.18+10-adhoc..jdk11u) for windows-amd64 JRE (11.0.18+10-adhoc..jdk11u), built on Jan 18 2023 07:40:41 by "" with MS VC++ 15.9 (VS2017)

END.
